#
# There is insufficient memory for the Java Runtime Environment to continue.
# Native memory allocation (malloc) failed to allocate 1964976 bytes for Chunk::new
# Possible reasons:
#   The system is out of physical RAM or swap space
#   The process is running with CompressedOops enabled, and the Java Heap may be blocking the growth of the native heap
# Possible solutions:
#   Reduce memory load on the system
#   Increase physical memory or swap space
#   Check if swap backing store is full
#   Decrease Java heap size (-Xmx/-Xms)
#   Decrease number of Java threads
#   Decrease Java thread stack sizes (-Xss)
#   Set larger code cache with -XX:ReservedCodeCacheSize=
#   JVM is running with Unscaled Compressed Oops mode in which the Java heap is
#     placed in the first 4GB address space. The Java Heap base address is the
#     maximum limit for the native heap growth. Please use -XX:HeapBaseMinAddress
#     to set the Java Heap base and to place the Java Heap above 4GB virtual address.
# This output file may be truncated or incomplete.
#
#  Out of Memory Error (./src/hotspot/share/memory/arena.cpp:197), pid=23444, tid=31420
#
# JRE version: OpenJDK Runtime Environment (11.0.13) (build 11.0.13+0-b1751.21-8125866)
# Java VM: OpenJDK 64-Bit Server VM (11.0.13+0-b1751.21-8125866, mixed mode, tiered, compressed oops, g1 gc, windows-amd64)
# No core dump will be written. Minidumps are not enabled by default on client versions of Windows
#

---------------  S U M M A R Y ------------

Command Line: --add-opens=java.base/java.util=ALL-UNNAMED --add-opens=java.base/java.lang=ALL-UNNAMED --add-opens=java.base/java.lang.invoke=ALL-UNNAMED --add-opens=java.base/java.util=ALL-UNNAMED --add-opens=java.prefs/java.util.prefs=ALL-UNNAMED --add-opens=java.prefs/java.util.prefs=ALL-UNNAMED --add-opens=java.base/java.nio.charset=ALL-UNNAMED --add-opens=java.base/java.net=ALL-UNNAMED --add-opens=java.base/java.util.concurrent.atomic=ALL-UNNAMED -Xmx2048m -Dfile.encoding=UTF-8 -Duser.country=US -Duser.language=en -Duser.variant org.gradle.launcher.daemon.bootstrap.GradleDaemon 7.4

Host: Intel(R) Core(TM) i5-1035G1 CPU @ 1.00GHz, 4 cores, 7G,  Windows 11 , 64 bit Build 25247 (10.0.25247.1000)
Time: Thu Nov 24 10:44:04 2022 SE Asia Standard Time elapsed time: 15.793307 seconds (0d 0h 0m 15s)

---------------  T H R E A D  ---------------

Current thread (0x000001c9e8bb3800):  JavaThread "C2 CompilerThread0" daemon [_thread_in_native, id=31420, stack(0x00000027cb100000,0x00000027cb200000)]


Current CompileTask:
C2:  15793 6837       4       sun.reflect.generics.parser.SignatureParser::parsePackageNameAndSimpleClassTypeSignature (119 bytes)

Stack: [0x00000027cb100000,0x00000027cb200000]
Native frames: (J=compiled Java code, j=interpreted, Vv=VM code, C=native code)
V  [jvm.dll+0x6100fa]
V  [jvm.dll+0x747090]
V  [jvm.dll+0x7486ad]
V  [jvm.dll+0x748d83]
V  [jvm.dll+0x24ab48]
V  [jvm.dll+0xc04dc]
V  [jvm.dll+0xc0a0c]
V  [jvm.dll+0x35eb5b]
V  [jvm.dll+0x32b833]
V  [jvm.dll+0x32ad2a]
V  [jvm.dll+0x2032b2]
V  [jvm.dll+0x202437]
V  [jvm.dll+0x188e01]
V  [jvm.dll+0x21106b]
V  [jvm.dll+0x20f8c1]
V  [jvm.dll+0x70de0f]
V  [jvm.dll+0x706a75]
V  [jvm.dll+0x60ed66]
C  [ucrtbase.dll+0x1b07b]
C  [KERNEL32.DLL+0x1369d]
C  [ntdll.dll+0x2b9f8]


---------------  P R O C E S S  ---------------

Threads class SMR info:
_java_thread_list=0x000001c9ec20fe40, length=78, elements={
0x000001c9cef8b800, 0x000001c9e8b8e800, 0x000001c9e8b92000, 0x000001c9e9512800,
0x000001c9e9513000, 0x000001c9e8bb1800, 0x000001c9e8bb3800, 0x000001c9e955f000,
0x000001c9e9562000, 0x000001c9e9663000, 0x000001c9eaffa800, 0x000001c9e9732000,
0x000001c9e9a91000, 0x000001c9eab35000, 0x000001c9ea797000, 0x000001c9eb45e000,
0x000001c9eb6f2800, 0x000001c9ebc1b000, 0x000001c9eb8b7800, 0x000001c9eb2f6800,
0x000001c9eb3d4000, 0x000001c9eb3d2800, 0x000001c9eb3d3000, 0x000001c9eb3ce000,
0x000001c9eb3d1800, 0x000001c9eb3d5000, 0x000001c9eb3cf000, 0x000001c9eb3d0000,
0x000001c9eb3d0800, 0x000001c9eb9c7000, 0x000001c9eb9c8800, 0x000001c9eb9cc000,
0x000001c9eb9cb000, 0x000001c9eb9c6000, 0x000001c9eb9d2800, 0x000001c9eb9d1800,
0x000001c9eb9d0800, 0x000001c9eb9ce800, 0x000001c9eb9cf000, 0x000001c9eb9cd800,
0x000001c9eb9cc800, 0x000001c9eb9d0000, 0x000001c9eb9d3000, 0x000001c9eb9d4000,
0x000001c9e9f36800, 0x000001c9e9f3c000, 0x000001c9e9f38000, 0x000001c9e9f39800,
0x000001c9e9f3d000, 0x000001c9e9f39000, 0x000001c9e9f3b800, 0x000001c9e9f3a800,
0x000001c9e9f37800, 0x000001c9e9f42000, 0x000001c9e9f3e800, 0x000001c9e9f41000,
0x000001c9e9f42800, 0x000001c9e9f3f800, 0x000001c9e9f40000, 0x000001c9e9f43800,
0x000001c9e9f3e000, 0x000001c9e9f44800, 0x000001c9e9f45000, 0x000001c9ea1d1000,
0x000001c9ea1d2000, 0x000001c9ea1d3800, 0x000001c9ea1d0800, 0x000001c9ea1cf800,
0x000001c9ea1d5000, 0x000001c9ea1d4800, 0x000001c9ea1d6000, 0x000001c9ea1d8800,
0x000001c9ea1d7000, 0x000001c9ea1d7800, 0x000001c9ea1d2800, 0x000001c9ea1dc800,
0x000001c9ea1db000, 0x000001c9ea1da000
}

Java Threads: ( => current thread )
  0x000001c9cef8b800 JavaThread "main" [_thread_blocked, id=40140, stack(0x00000027ca400000,0x00000027ca500000)]
  0x000001c9e8b8e800 JavaThread "Reference Handler" daemon [_thread_blocked, id=24496, stack(0x00000027cac00000,0x00000027cad00000)]
  0x000001c9e8b92000 JavaThread "Finalizer" daemon [_thread_blocked, id=53748, stack(0x00000027cad00000,0x00000027cae00000)]
  0x000001c9e9512800 JavaThread "Signal Dispatcher" daemon [_thread_blocked, id=35288, stack(0x00000027cae00000,0x00000027caf00000)]
  0x000001c9e9513000 JavaThread "Attach Listener" daemon [_thread_blocked, id=51420, stack(0x00000027caf00000,0x00000027cb000000)]
  0x000001c9e8bb1800 JavaThread "Service Thread" daemon [_thread_blocked, id=55896, stack(0x00000027cb000000,0x00000027cb100000)]
=>0x000001c9e8bb3800 JavaThread "C2 CompilerThread0" daemon [_thread_in_native, id=31420, stack(0x00000027cb100000,0x00000027cb200000)]
  0x000001c9e955f000 JavaThread "C1 CompilerThread0" daemon [_thread_blocked, id=56168, stack(0x00000027cb200000,0x00000027cb300000)]
  0x000001c9e9562000 JavaThread "Sweeper thread" daemon [_thread_blocked, id=46104, stack(0x00000027cb300000,0x00000027cb400000)]
  0x000001c9e9663000 JavaThread "Common-Cleaner" daemon [_thread_blocked, id=33244, stack(0x00000027cb400000,0x00000027cb500000)]
  0x000001c9eaffa800 JavaThread "Daemon health stats" [_thread_blocked, id=54024, stack(0x00000027cb900000,0x00000027cba00000)]
  0x000001c9e9732000 JavaThread "Incoming local TCP Connector on port 57451" [_thread_in_native, id=41192, stack(0x00000027cb600000,0x00000027cb700000)]
  0x000001c9e9a91000 JavaThread "Daemon periodic checks" [_thread_blocked, id=51920, stack(0x00000027cba00000,0x00000027cbb00000)]
  0x000001c9eab35000 JavaThread "Daemon" [_thread_blocked, id=15084, stack(0x00000027cbb00000,0x00000027cbc00000)]
  0x000001c9ea797000 JavaThread "Handler for socket connection from /127.0.0.1:57451 to /127.0.0.1:57452" [_thread_in_native, id=36136, stack(0x00000027cbc00000,0x00000027cbd00000)]
  0x000001c9eb45e000 JavaThread "Cancel handler" [_thread_blocked, id=26888, stack(0x00000027cbd00000,0x00000027cbe00000)]
  0x000001c9eb6f2800 JavaThread "Daemon worker" [_thread_in_vm, id=52160, stack(0x00000027cbe00000,0x00000027cbf00000)]
  0x000001c9ebc1b000 JavaThread "Asynchronous log dispatcher for DefaultDaemonConnection: socket connection from /127.0.0.1:57451 to /127.0.0.1:57452" [_thread_blocked, id=24200, stack(0x00000027cbf00000,0x00000027cc000000)]
  0x000001c9eb8b7800 JavaThread "Stdin handler" [_thread_blocked, id=54352, stack(0x00000027cc000000,0x00000027cc100000)]
  0x000001c9eb2f6800 JavaThread "Daemon client event forwarder" [_thread_blocked, id=56996, stack(0x00000027cc100000,0x00000027cc200000)]
  0x000001c9eb3d4000 JavaThread "Cache worker for journal cache (C:\Users\LENOVO\.gradle\caches\journal-1)" [_thread_blocked, id=25148, stack(0x00000027cc300000,0x00000027cc400000)]
  0x000001c9eb3d2800 JavaThread "File lock request listener" [_thread_in_native, id=39392, stack(0x00000027cc400000,0x00000027cc500000)]
  0x000001c9eb3d3000 JavaThread "Cache worker for file hash cache (C:\Users\LENOVO\.gradle\caches\7.4\fileHashes)" [_thread_blocked, id=36624, stack(0x00000027cc500000,0x00000027cc600000)]
  0x000001c9eb3ce000 JavaThread "File watcher server" daemon [_thread_in_native, id=43496, stack(0x00000027cc600000,0x00000027cc700000)]
  0x000001c9eb3d1800 JavaThread "File watcher consumer" daemon [_thread_blocked, id=52812, stack(0x00000027cc700000,0x00000027cc800000)]
  0x000001c9eb3d5000 JavaThread "Cache worker for checksums cache (E:\Projects\kotlin-projects\Intent\.gradle\7.4\checksums)" [_thread_blocked, id=53732, stack(0x00000027cc800000,0x00000027cc900000)]
  0x000001c9eb3cf000 JavaThread "Cache worker for cache directory md-rule (C:\Users\LENOVO\.gradle\caches\7.4\md-rule)" [_thread_blocked, id=39796, stack(0x00000027cc900000,0x00000027cca00000)]
  0x000001c9eb3d0000 JavaThread "Cache worker for file hash cache (E:\Projects\kotlin-projects\Intent\.gradle\7.4\fileHashes)" [_thread_blocked, id=54828, stack(0x00000027ccb00000,0x00000027ccc00000)]
  0x000001c9eb3d0800 JavaThread "Cache worker for cache directory md-supplier (C:\Users\LENOVO\.gradle\caches\7.4\md-supplier)" [_thread_blocked, id=34876, stack(0x00000027ccc00000,0x00000027ccd00000)]
  0x000001c9eb9c7000 JavaThread "Cache worker for execution history cache (C:\Users\LENOVO\.gradle\caches\7.4\executionHistory)" [_thread_blocked, id=39068, stack(0x00000027ccd00000,0x00000027cce00000)]
  0x000001c9eb9c8800 JavaThread "jar transforms" [_thread_blocked, id=39280, stack(0x00000027cca00000,0x00000027ccb00000)]
  0x000001c9eb9cc000 JavaThread "Cache worker for file content cache (C:\Users\LENOVO\.gradle\caches\7.4\fileContent)" [_thread_blocked, id=56932, stack(0x00000027cce00000,0x00000027ccf00000)]
  0x000001c9eb9cb000 JavaThread "jar transforms Thread 2" [_thread_blocked, id=45144, stack(0x00000027ccf00000,0x00000027cd000000)]
  0x000001c9eb9c6000 JavaThread "Cache worker for dependencies-accessors (E:\Projects\kotlin-projects\Intent\.gradle\7.4\dependencies-accessors)" [_thread_blocked, id=18896, stack(0x00000027cd000000,0x00000027cd100000)]
  0x000001c9eb9d2800 JavaThread "jar transforms Thread 3" [_thread_blocked, id=52948, stack(0x00000027cd100000,0x00000027cd200000)]
  0x000001c9eb9d1800 JavaThread "Cache worker for Build Output Cleanup Cache (E:\Projects\kotlin-projects\Intent\.gradle\buildOutputCleanup)" [_thread_blocked, id=7212, stack(0x00000027cd200000,0x00000027cd300000)]
  0x000001c9eb9d0800 JavaThread "Unconstrained build operations" [_thread_blocked, id=57032, stack(0x00000027cd300000,0x00000027cd400000)]
  0x000001c9eb9ce800 JavaThread "Unconstrained build operations Thread 2" [_thread_blocked, id=36500, stack(0x00000027cd400000,0x00000027cd500000)]
  0x000001c9eb9cf000 JavaThread "Unconstrained build operations Thread 3" [_thread_blocked, id=54952, stack(0x00000027cd500000,0x00000027cd600000)]
  0x000001c9eb9cd800 JavaThread "Unconstrained build operations Thread 4" [_thread_blocked, id=39028, stack(0x00000027cd600000,0x00000027cd700000)]
  0x000001c9eb9cc800 JavaThread "Unconstrained build operations Thread 5" [_thread_blocked, id=54344, stack(0x00000027cd700000,0x00000027cd800000)]
  0x000001c9eb9d0000 JavaThread "Unconstrained build operations Thread 6" [_thread_blocked, id=35368, stack(0x00000027cd800000,0x00000027cd900000)]
  0x000001c9eb9d3000 JavaThread "Unconstrained build operations Thread 7" [_thread_blocked, id=57052, stack(0x00000027cd900000,0x00000027cda00000)]
  0x000001c9eb9d4000 JavaThread "Unconstrained build operations Thread 8" [_thread_blocked, id=49688, stack(0x00000027cda00000,0x00000027cdb00000)]
  0x000001c9e9f36800 JavaThread "Unconstrained build operations Thread 9" [_thread_blocked, id=56388, stack(0x00000027cdb00000,0x00000027cdc00000)]
  0x000001c9e9f3c000 JavaThread "Unconstrained build operations Thread 10" [_thread_blocked, id=54956, stack(0x00000027cdc00000,0x00000027cdd00000)]
  0x000001c9e9f38000 JavaThread "Unconstrained build operations Thread 11" [_thread_blocked, id=9684, stack(0x00000027cdd00000,0x00000027cde00000)]
  0x000001c9e9f39800 JavaThread "Unconstrained build operations Thread 12" [_thread_blocked, id=35188, stack(0x00000027cde00000,0x00000027cdf00000)]
  0x000001c9e9f3d000 JavaThread "Unconstrained build operations Thread 13" [_thread_blocked, id=56716, stack(0x00000027cdf00000,0x00000027ce000000)]
  0x000001c9e9f39000 JavaThread "Unconstrained build operations Thread 14" [_thread_blocked, id=48884, stack(0x00000027ce000000,0x00000027ce100000)]
  0x000001c9e9f3b800 JavaThread "Unconstrained build operations Thread 15" [_thread_blocked, id=57068, stack(0x00000027ce100000,0x00000027ce200000)]
  0x000001c9e9f3a800 JavaThread "Unconstrained build operations Thread 16" [_thread_blocked, id=53580, stack(0x00000027ce200000,0x00000027ce300000)]
  0x000001c9e9f37800 JavaThread "Unconstrained build operations Thread 17" [_thread_blocked, id=52568, stack(0x00000027ce300000,0x00000027ce400000)]
  0x000001c9e9f42000 JavaThread "Unconstrained build operations Thread 18" [_thread_blocked, id=45104, stack(0x00000027ce400000,0x00000027ce500000)]
  0x000001c9e9f3e800 JavaThread "Unconstrained build operations Thread 19" [_thread_blocked, id=54372, stack(0x00000027ce500000,0x00000027ce600000)]
  0x000001c9e9f41000 JavaThread "Unconstrained build operations Thread 20" [_thread_blocked, id=44948, stack(0x00000027ce600000,0x00000027ce700000)]
  0x000001c9e9f42800 JavaThread "Unconstrained build operations Thread 21" [_thread_blocked, id=7748, stack(0x00000027ce700000,0x00000027ce800000)]
  0x000001c9e9f3f800 JavaThread "Unconstrained build operations Thread 22" [_thread_blocked, id=56556, stack(0x00000027ce800000,0x00000027ce900000)]
  0x000001c9e9f40000 JavaThread "Unconstrained build operations Thread 23" [_thread_blocked, id=54504, stack(0x00000027ce900000,0x00000027cea00000)]
  0x000001c9e9f43800 JavaThread "Unconstrained build operations Thread 24" [_thread_blocked, id=57248, stack(0x00000027cea00000,0x00000027ceb00000)]
  0x000001c9e9f3e000 JavaThread "Unconstrained build operations Thread 25" [_thread_blocked, id=34572, stack(0x00000027ceb00000,0x00000027cec00000)]
  0x000001c9e9f44800 JavaThread "Unconstrained build operations Thread 26" [_thread_blocked, id=28640, stack(0x00000027cec00000,0x00000027ced00000)]
  0x000001c9e9f45000 JavaThread "Unconstrained build operations Thread 27" [_thread_blocked, id=45308, stack(0x00000027ced00000,0x00000027cee00000)]
  0x000001c9ea1d1000 JavaThread "Unconstrained build operations Thread 28" [_thread_blocked, id=56220, stack(0x00000027cee00000,0x00000027cef00000)]
  0x000001c9ea1d2000 JavaThread "Unconstrained build operations Thread 29" [_thread_blocked, id=34760, stack(0x00000027cef00000,0x00000027cf000000)]
  0x000001c9ea1d3800 JavaThread "Unconstrained build operations Thread 30" [_thread_blocked, id=38384, stack(0x00000027cf000000,0x00000027cf100000)]
  0x000001c9ea1d0800 JavaThread "Unconstrained build operations Thread 31" [_thread_blocked, id=3868, stack(0x00000027cf100000,0x00000027cf200000)]
  0x000001c9ea1cf800 JavaThread "Unconstrained build operations Thread 32" [_thread_blocked, id=57340, stack(0x00000027cf200000,0x00000027cf300000)]
  0x000001c9ea1d5000 JavaThread "Unconstrained build operations Thread 33" [_thread_blocked, id=42212, stack(0x00000027cf300000,0x00000027cf400000)]
  0x000001c9ea1d4800 JavaThread "Unconstrained build operations Thread 34" [_thread_blocked, id=51632, stack(0x00000027cf400000,0x00000027cf500000)]
  0x000001c9ea1d6000 JavaThread "Unconstrained build operations Thread 35" [_thread_blocked, id=53040, stack(0x00000027cf500000,0x00000027cf600000)]
  0x000001c9ea1d8800 JavaThread "Unconstrained build operations Thread 36" [_thread_blocked, id=2848, stack(0x00000027cf600000,0x00000027cf700000)]
  0x000001c9ea1d7000 JavaThread "Unconstrained build operations Thread 37" [_thread_blocked, id=17732, stack(0x00000027cf700000,0x00000027cf800000)]
  0x000001c9ea1d7800 JavaThread "Unconstrained build operations Thread 38" [_thread_blocked, id=38068, stack(0x00000027cf800000,0x00000027cf900000)]
  0x000001c9ea1d2800 JavaThread "Unconstrained build operations Thread 39" [_thread_blocked, id=51456, stack(0x00000027cf900000,0x00000027cfa00000)]
  0x000001c9ea1dc800 JavaThread "Unconstrained build operations Thread 40" [_thread_blocked, id=39172, stack(0x00000027cfa00000,0x00000027cfb00000)]
  0x000001c9ea1db000 JavaThread "jar transforms Thread 4" [_thread_blocked, id=28012, stack(0x00000027cfb00000,0x00000027cfc00000)]
  0x000001c9ea1da000 JavaThread "Memory manager" [_thread_blocked, id=13020, stack(0x00000027cfc00000,0x00000027cfd00000)]

Other Threads:
  0x000001c9e8b8c800 VMThread "VM Thread" [stack: 0x00000027cab00000,0x00000027cac00000] [id=8400]
  0x000001c9e9667000 WatcherThread [stack: 0x00000027cb500000,0x00000027cb600000] [id=34416]
  0x000001c9cefa5000 GCTaskThread "GC Thread#0" [stack: 0x00000027ca600000,0x00000027ca700000] [id=39540]
  0x000001c9e9e79800 GCTaskThread "GC Thread#1" [stack: 0x00000027cb700000,0x00000027cb800000] [id=43668]
  0x000001c9e9da5800 GCTaskThread "GC Thread#2" [stack: 0x00000027cb800000,0x00000027cb900000] [id=42772]
  0x000001c9eaefb800 GCTaskThread "GC Thread#3" [stack: 0x00000027cc200000,0x00000027cc300000] [id=3916]
  0x000001c9cefd8800 ConcurrentGCThread "G1 Main Marker" [stack: 0x00000027ca700000,0x00000027ca800000] [id=53332]
  0x000001c9cefdb800 ConcurrentGCThread "G1 Conc#0" [stack: 0x00000027ca800000,0x00000027ca900000] [id=39020]
  0x000001c9e89e0800 ConcurrentGCThread "G1 Refine#0" [stack: 0x00000027ca900000,0x00000027caa00000] [id=49872]
  0x000001c9e89e1800 ConcurrentGCThread "G1 Young RemSet Sampling" [stack: 0x00000027caa00000,0x00000027cab00000] [id=26616]

Threads with active compile tasks:
C2 CompilerThread0  15835 6837       4       sun.reflect.generics.parser.SignatureParser::parsePackageNameAndSimpleClassTypeSignature (119 bytes)

VM state:not at safepoint (normal execution)

VM Mutex/Monitor currently owned by a thread: None

Heap address: 0x0000000080000000, size: 2048 MB, Compressed Oops mode: 32-bit
Narrow klass base: 0x0000000000000000, Narrow klass shift: 3
Compressed class space size: 1073741824 Address: 0x0000000100000000

Heap:
 garbage-first heap   total 157696K, used 70187K [0x0000000080000000, 0x0000000100000000)
  region size 1024K, 15 young (15360K), 7 survivors (7168K)
 Metaspace       used 70311K, capacity 71910K, committed 72220K, reserved 1112064K
  class space    used 8873K, capacity 9491K, committed 9624K, reserved 1048576K
Heap Regions: E=young(eden), S=young(survivor), O=old, HS=humongous(starts), HC=humongous(continues), CS=collection set, F=free, A=archive, TAMS=top-at-mark-start (previous, next)
|   0|0x0000000080000000, 0x0000000080100000, 0x0000000080100000|100%|HS|  |TAMS 0x0000000080100000, 0x0000000080000000| Complete 
|   1|0x0000000080100000, 0x0000000080200000, 0x0000000080200000|100%|HC|  |TAMS 0x0000000080200000, 0x0000000080100000| Complete 
|   2|0x0000000080200000, 0x0000000080300000, 0x0000000080300000|100%|HC|  |TAMS 0x0000000080300000, 0x0000000080200000| Complete 
|   3|0x0000000080300000, 0x0000000080400000, 0x0000000080400000|100%| O|  |TAMS 0x0000000080400000, 0x0000000080300000| Untracked 
|   4|0x0000000080400000, 0x0000000080500000, 0x0000000080500000|100%| O|  |TAMS 0x0000000080500000, 0x0000000080400000| Untracked 
|   5|0x0000000080500000, 0x0000000080600000, 0x0000000080600000|100%| O|  |TAMS 0x0000000080600000, 0x0000000080500000| Untracked 
|   6|0x0000000080600000, 0x0000000080700000, 0x0000000080700000|100%| O|  |TAMS 0x0000000080700000, 0x0000000080600000| Untracked 
|   7|0x0000000080700000, 0x0000000080800000, 0x0000000080800000|100%| O|  |TAMS 0x0000000080800000, 0x0000000080700000| Untracked 
|   8|0x0000000080800000, 0x0000000080900000, 0x0000000080900000|100%| O|  |TAMS 0x0000000080900000, 0x0000000080800000| Untracked 
|   9|0x0000000080900000, 0x0000000080a00000, 0x0000000080a00000|100%| O|  |TAMS 0x0000000080a00000, 0x0000000080900000| Untracked 
|  10|0x0000000080a00000, 0x0000000080b00000, 0x0000000080b00000|100%| O|  |TAMS 0x0000000080b00000, 0x0000000080a00000| Untracked 
|  11|0x0000000080b00000, 0x0000000080c00000, 0x0000000080c00000|100%| O|  |TAMS 0x0000000080c00000, 0x0000000080b00000| Untracked 
|  12|0x0000000080c00000, 0x0000000080d00000, 0x0000000080d00000|100%| O|  |TAMS 0x0000000080d00000, 0x0000000080c00000| Untracked 
|  13|0x0000000080d00000, 0x0000000080e00000, 0x0000000080e00000|100%| O|  |TAMS 0x0000000080e00000, 0x0000000080d00000| Untracked 
|  14|0x0000000080e00000, 0x0000000080f00000, 0x0000000080f00000|100%| O|  |TAMS 0x0000000080f00000, 0x0000000080e00000| Untracked 
|  15|0x0000000080f00000, 0x0000000081000000, 0x0000000081000000|100%| O|  |TAMS 0x0000000081000000, 0x0000000080f00000| Untracked 
|  16|0x0000000081000000, 0x0000000081100000, 0x0000000081100000|100%| O|  |TAMS 0x0000000081100000, 0x0000000081000000| Untracked 
|  17|0x0000000081100000, 0x0000000081200000, 0x0000000081200000|100%| O|  |TAMS 0x0000000081200000, 0x0000000081100000| Untracked 
|  18|0x0000000081200000, 0x0000000081300000, 0x0000000081300000|100%| O|  |TAMS 0x0000000081300000, 0x0000000081200000| Untracked 
|  19|0x0000000081300000, 0x0000000081400000, 0x0000000081400000|100%| O|  |TAMS 0x0000000081400000, 0x0000000081300000| Untracked 
|  20|0x0000000081400000, 0x0000000081500000, 0x0000000081500000|100%| O|  |TAMS 0x0000000081500000, 0x0000000081400000| Untracked 
|  21|0x0000000081500000, 0x0000000081600000, 0x0000000081600000|100%| O|  |TAMS 0x0000000081600000, 0x0000000081500000| Untracked 
|  22|0x0000000081600000, 0x0000000081700000, 0x0000000081700000|100%| O|  |TAMS 0x0000000081700000, 0x0000000081600000| Untracked 
|  23|0x0000000081700000, 0x0000000081800000, 0x0000000081800000|100%| O|  |TAMS 0x0000000081800000, 0x0000000081700000| Untracked 
|  24|0x0000000081800000, 0x0000000081900000, 0x0000000081900000|100%| O|  |TAMS 0x0000000081900000, 0x0000000081800000| Untracked 
|  25|0x0000000081900000, 0x0000000081a00000, 0x0000000081a00000|100%| O|  |TAMS 0x0000000081a00000, 0x0000000081900000| Untracked 
|  26|0x0000000081a00000, 0x0000000081b00000, 0x0000000081b00000|100%|HS|  |TAMS 0x0000000081b00000, 0x0000000081a00000| Complete 
|  27|0x0000000081b00000, 0x0000000081c00000, 0x0000000081c00000|100%|HS|  |TAMS 0x0000000081c00000, 0x0000000081b00000| Complete 
|  28|0x0000000081c00000, 0x0000000081d00000, 0x0000000081d00000|100%|HS|  |TAMS 0x0000000081d00000, 0x0000000081c00000| Complete 
|  29|0x0000000081d00000, 0x0000000081e00000, 0x0000000081e00000|100%|HS|  |TAMS 0x0000000081e00000, 0x0000000081d00000| Complete 
|  30|0x0000000081e00000, 0x0000000081f00000, 0x0000000081f00000|100%|HC|  |TAMS 0x0000000081f00000, 0x0000000081e00000| Complete 
|  31|0x0000000081f00000, 0x0000000082000000, 0x0000000082000000|100%|HC|  |TAMS 0x0000000082000000, 0x0000000081f00000| Complete 
|  32|0x0000000082000000, 0x0000000082100000, 0x0000000082100000|100%|HC|  |TAMS 0x0000000082100000, 0x0000000082000000| Complete 
|  33|0x0000000082100000, 0x0000000082200000, 0x0000000082200000|100%| O|  |TAMS 0x0000000082200000, 0x0000000082100000| Untracked 
|  34|0x0000000082200000, 0x0000000082300000, 0x0000000082300000|100%|HS|  |TAMS 0x0000000082300000, 0x0000000082200000| Complete 
|  35|0x0000000082300000, 0x0000000082400000, 0x0000000082400000|100%|HC|  |TAMS 0x0000000082400000, 0x0000000082300000| Complete 
|  36|0x0000000082400000, 0x0000000082500000, 0x0000000082500000|100%| O|  |TAMS 0x0000000082500000, 0x0000000082400000| Untracked 
|  37|0x0000000082500000, 0x0000000082600000, 0x0000000082600000|100%| O|  |TAMS 0x0000000082600000, 0x0000000082500000| Untracked 
|  38|0x0000000082600000, 0x0000000082700000, 0x0000000082700000|100%| O|  |TAMS 0x0000000082700000, 0x0000000082600000| Untracked 
|  39|0x0000000082700000, 0x0000000082800000, 0x0000000082800000|100%| O|  |TAMS 0x0000000082800000, 0x0000000082700000| Untracked 
|  40|0x0000000082800000, 0x0000000082900000, 0x0000000082900000|100%| O|  |TAMS 0x0000000082900000, 0x0000000082800000| Untracked 
|  41|0x0000000082900000, 0x0000000082a00000, 0x0000000082a00000|100%| O|  |TAMS 0x0000000082a00000, 0x0000000082900000| Untracked 
|  42|0x0000000082a00000, 0x0000000082b00000, 0x0000000082b00000|100%| O|  |TAMS 0x0000000082b00000, 0x0000000082a00000| Untracked 
|  43|0x0000000082b00000, 0x0000000082c00000, 0x0000000082c00000|100%| O|  |TAMS 0x0000000082c00000, 0x0000000082b00000| Untracked 
|  44|0x0000000082c00000, 0x0000000082d00000, 0x0000000082d00000|100%| O|  |TAMS 0x0000000082d00000, 0x0000000082c00000| Untracked 
|  45|0x0000000082d00000, 0x0000000082e00000, 0x0000000082e00000|100%| O|  |TAMS 0x0000000082e00000, 0x0000000082d00000| Untracked 
|  46|0x0000000082e00000, 0x0000000082f00000, 0x0000000082f00000|100%| O|  |TAMS 0x0000000082f00000, 0x0000000082e00000| Untracked 
|  47|0x0000000082f00000, 0x0000000083000000, 0x0000000083000000|100%| O|  |TAMS 0x0000000083000000, 0x0000000082f00000| Untracked 
|  48|0x0000000083000000, 0x0000000083100000, 0x0000000083100000|100%| O|  |TAMS 0x000000008308f200, 0x0000000083000000| Untracked 
|  49|0x0000000083100000, 0x0000000083100000, 0x0000000083200000|  0%| F|  |TAMS 0x0000000083100000, 0x0000000083100000| Untracked 
|  50|0x0000000083200000, 0x0000000083300000, 0x0000000083300000|100%| O|  |TAMS 0x0000000083200000, 0x0000000083200000| Untracked 
|  51|0x0000000083300000, 0x0000000083400000, 0x0000000083400000|100%| O|  |TAMS 0x0000000083300000, 0x0000000083300000| Untracked 
|  52|0x0000000083400000, 0x0000000083500000, 0x0000000083500000|100%| O|  |TAMS 0x0000000083400000, 0x0000000083400000| Untracked 
|  53|0x0000000083500000, 0x0000000083600000, 0x0000000083600000|100%| O|  |TAMS 0x0000000083500000, 0x0000000083500000| Untracked 
|  54|0x0000000083600000, 0x0000000083700000, 0x0000000083700000|100%| O|  |TAMS 0x0000000083600000, 0x0000000083600000| Untracked 
|  55|0x0000000083700000, 0x000000008378ac00, 0x0000000083800000| 54%| O|  |TAMS 0x0000000083700000, 0x0000000083700000| Untracked 
|  56|0x0000000083800000, 0x0000000083800000, 0x0000000083900000|  0%| F|  |TAMS 0x0000000083800000, 0x0000000083800000| Untracked 
|  57|0x0000000083900000, 0x0000000083900000, 0x0000000083a00000|  0%| F|  |TAMS 0x0000000083900000, 0x0000000083900000| Untracked 
|  58|0x0000000083a00000, 0x0000000083a00000, 0x0000000083b00000|  0%| F|  |TAMS 0x0000000083a00000, 0x0000000083a00000| Untracked 
|  59|0x0000000083b00000, 0x0000000083b00000, 0x0000000083c00000|  0%| F|  |TAMS 0x0000000083b00000, 0x0000000083b00000| Untracked 
|  60|0x0000000083c00000, 0x0000000083c00000, 0x0000000083d00000|  0%| F|  |TAMS 0x0000000083c00000, 0x0000000083c00000| Untracked 
|  61|0x0000000083d00000, 0x0000000083d00000, 0x0000000083e00000|  0%| F|  |TAMS 0x0000000083d00000, 0x0000000083d00000| Untracked 
|  62|0x0000000083e00000, 0x0000000083e00000, 0x0000000083f00000|  0%| F|  |TAMS 0x0000000083e00000, 0x0000000083e00000| Untracked 
|  63|0x0000000083f00000, 0x0000000083f00000, 0x0000000084000000|  0%| F|  |TAMS 0x0000000083f00000, 0x0000000083f00000| Untracked 
|  64|0x0000000084000000, 0x0000000084000000, 0x0000000084100000|  0%| F|  |TAMS 0x0000000084000000, 0x0000000084000000| Untracked 
|  65|0x0000000084100000, 0x0000000084100000, 0x0000000084200000|  0%| F|  |TAMS 0x0000000084100000, 0x0000000084100000| Untracked 
|  66|0x0000000084200000, 0x0000000084200000, 0x0000000084300000|  0%| F|  |TAMS 0x0000000084200000, 0x0000000084200000| Untracked 
|  67|0x0000000084300000, 0x0000000084300000, 0x0000000084400000|  0%| F|  |TAMS 0x0000000084300000, 0x0000000084300000| Untracked 
|  68|0x0000000084400000, 0x0000000084400000, 0x0000000084500000|  0%| F|  |TAMS 0x0000000084400000, 0x0000000084400000| Untracked 
|  69|0x0000000084500000, 0x0000000084500000, 0x0000000084600000|  0%| F|  |TAMS 0x0000000084500000, 0x0000000084500000| Untracked 
|  70|0x0000000084600000, 0x0000000084600000, 0x0000000084700000|  0%| F|  |TAMS 0x0000000084600000, 0x0000000084600000| Untracked 
|  71|0x0000000084700000, 0x0000000084700000, 0x0000000084800000|  0%| F|  |TAMS 0x0000000084700000, 0x0000000084700000| Untracked 
|  72|0x0000000084800000, 0x0000000084800000, 0x0000000084900000|  0%| F|  |TAMS 0x0000000084800000, 0x0000000084800000| Untracked 
|  73|0x0000000084900000, 0x0000000084900000, 0x0000000084a00000|  0%| F|  |TAMS 0x0000000084900000, 0x0000000084900000| Untracked 
|  74|0x0000000084a00000, 0x0000000084a00000, 0x0000000084b00000|  0%| F|  |TAMS 0x0000000084a00000, 0x0000000084a00000| Untracked 
|  75|0x0000000084b00000, 0x0000000084b00000, 0x0000000084c00000|  0%| F|  |TAMS 0x0000000084b00000, 0x0000000084b00000| Untracked 
|  76|0x0000000084c00000, 0x0000000084c00000, 0x0000000084d00000|  0%| F|  |TAMS 0x0000000084c00000, 0x0000000084c00000| Untracked 
|  77|0x0000000084d00000, 0x0000000084d00000, 0x0000000084e00000|  0%| F|  |TAMS 0x0000000084d00000, 0x0000000084d00000| Untracked 
|  78|0x0000000084e00000, 0x0000000084e00000, 0x0000000084f00000|  0%| F|  |TAMS 0x0000000084e00000, 0x0000000084e00000| Untracked 
|  79|0x0000000084f00000, 0x0000000084f00000, 0x0000000085000000|  0%| F|  |TAMS 0x0000000084f00000, 0x0000000084f00000| Untracked 
|  80|0x0000000085000000, 0x0000000085000000, 0x0000000085100000|  0%| F|  |TAMS 0x0000000085000000, 0x0000000085000000| Untracked 
|  81|0x0000000085100000, 0x0000000085100000, 0x0000000085200000|  0%| F|  |TAMS 0x0000000085100000, 0x0000000085100000| Untracked 
|  82|0x0000000085200000, 0x0000000085200000, 0x0000000085300000|  0%| F|  |TAMS 0x0000000085200000, 0x0000000085200000| Untracked 
|  83|0x0000000085300000, 0x0000000085300000, 0x0000000085400000|  0%| F|  |TAMS 0x0000000085300000, 0x0000000085300000| Untracked 
|  84|0x0000000085400000, 0x0000000085400000, 0x0000000085500000|  0%| F|  |TAMS 0x0000000085400000, 0x0000000085400000| Untracked 
|  85|0x0000000085500000, 0x0000000085500000, 0x0000000085600000|  0%| F|  |TAMS 0x0000000085500000, 0x0000000085500000| Untracked 
|  86|0x0000000085600000, 0x0000000085600000, 0x0000000085700000|  0%| F|  |TAMS 0x0000000085600000, 0x0000000085600000| Untracked 
|  87|0x0000000085700000, 0x0000000085700000, 0x0000000085800000|  0%| F|  |TAMS 0x0000000085700000, 0x0000000085700000| Untracked 
|  88|0x0000000085800000, 0x0000000085800000, 0x0000000085900000|  0%| F|  |TAMS 0x0000000085800000, 0x0000000085800000| Untracked 
|  89|0x0000000085900000, 0x0000000085900000, 0x0000000085a00000|  0%| F|  |TAMS 0x0000000085900000, 0x0000000085900000| Untracked 
|  90|0x0000000085a00000, 0x0000000085b00000, 0x0000000085b00000|100%| S|CS|TAMS 0x0000000085a00000, 0x0000000085a00000| Complete 
|  91|0x0000000085b00000, 0x0000000085b00000, 0x0000000085c00000|  0%| F|  |TAMS 0x0000000085b00000, 0x0000000085b00000| Untracked 
|  92|0x0000000085c00000, 0x0000000085c00000, 0x0000000085d00000|  0%| F|  |TAMS 0x0000000085c00000, 0x0000000085c00000| Untracked 
|  93|0x0000000085d00000, 0x0000000085e00000, 0x0000000085e00000|100%| S|CS|TAMS 0x0000000085d00000, 0x0000000085d00000| Complete 
|  94|0x0000000085e00000, 0x0000000085f00000, 0x0000000085f00000|100%| S|CS|TAMS 0x0000000085e00000, 0x0000000085e00000| Complete 
|  95|0x0000000085f00000, 0x0000000086000000, 0x0000000086000000|100%| S|CS|TAMS 0x0000000085f00000, 0x0000000085f00000| Complete 
|  96|0x0000000086000000, 0x0000000086100000, 0x0000000086100000|100%| S|CS|TAMS 0x0000000086000000, 0x0000000086000000| Complete 
|  97|0x0000000086100000, 0x0000000086200000, 0x0000000086200000|100%| S|CS|TAMS 0x0000000086100000, 0x0000000086100000| Complete 
|  98|0x0000000086200000, 0x0000000086300000, 0x0000000086300000|100%| S|CS|TAMS 0x0000000086200000, 0x0000000086200000| Complete 
|  99|0x0000000086300000, 0x0000000086300000, 0x0000000086400000|  0%| F|  |TAMS 0x0000000086300000, 0x0000000086300000| Untracked 
| 100|0x0000000086400000, 0x0000000086400000, 0x0000000086500000|  0%| F|  |TAMS 0x0000000086400000, 0x0000000086400000| Untracked 
| 101|0x0000000086500000, 0x0000000086500000, 0x0000000086600000|  0%| F|  |TAMS 0x0000000086500000, 0x0000000086500000| Untracked 
| 102|0x0000000086600000, 0x0000000086600000, 0x0000000086700000|  0%| F|  |TAMS 0x0000000086600000, 0x0000000086600000| Untracked 
| 103|0x0000000086700000, 0x0000000086700000, 0x0000000086800000|  0%| F|  |TAMS 0x0000000086700000, 0x0000000086700000| Untracked 
| 104|0x0000000086800000, 0x0000000086800000, 0x0000000086900000|  0%| F|  |TAMS 0x0000000086800000, 0x0000000086800000| Untracked 
| 105|0x0000000086900000, 0x0000000086900000, 0x0000000086a00000|  0%| F|  |TAMS 0x0000000086900000, 0x0000000086900000| Untracked 
| 106|0x0000000086a00000, 0x0000000086a00000, 0x0000000086b00000|  0%| F|  |TAMS 0x0000000086a00000, 0x0000000086a00000| Untracked 
| 107|0x0000000086b00000, 0x0000000086b00000, 0x0000000086c00000|  0%| F|  |TAMS 0x0000000086b00000, 0x0000000086b00000| Untracked 
| 108|0x0000000086c00000, 0x0000000086c00000, 0x0000000086d00000|  0%| F|  |TAMS 0x0000000086c00000, 0x0000000086c00000| Untracked 
| 109|0x0000000086d00000, 0x0000000086d00000, 0x0000000086e00000|  0%| F|  |TAMS 0x0000000086d00000, 0x0000000086d00000| Untracked 
| 110|0x0000000086e00000, 0x0000000086e00000, 0x0000000086f00000|  0%| F|  |TAMS 0x0000000086e00000, 0x0000000086e00000| Untracked 
| 111|0x0000000086f00000, 0x0000000086f00000, 0x0000000087000000|  0%| F|  |TAMS 0x0000000086f00000, 0x0000000086f00000| Untracked 
| 112|0x0000000087000000, 0x0000000087000000, 0x0000000087100000|  0%| F|  |TAMS 0x0000000087000000, 0x0000000087000000| Untracked 
| 113|0x0000000087100000, 0x0000000087100000, 0x0000000087200000|  0%| F|  |TAMS 0x0000000087100000, 0x0000000087100000| Untracked 
| 114|0x0000000087200000, 0x0000000087200000, 0x0000000087300000|  0%| F|  |TAMS 0x0000000087200000, 0x0000000087200000| Untracked 
| 115|0x0000000087300000, 0x0000000087300000, 0x0000000087400000|  0%| F|  |TAMS 0x0000000087300000, 0x0000000087300000| Untracked 
| 116|0x0000000087400000, 0x0000000087400000, 0x0000000087500000|  0%| F|  |TAMS 0x0000000087400000, 0x0000000087400000| Untracked 
| 117|0x0000000087500000, 0x0000000087500000, 0x0000000087600000|  0%| F|  |TAMS 0x0000000087500000, 0x0000000087500000| Untracked 
| 118|0x0000000087600000, 0x0000000087600000, 0x0000000087700000|  0%| F|  |TAMS 0x0000000087600000, 0x0000000087600000| Untracked 
| 119|0x0000000087700000, 0x0000000087700000, 0x0000000087800000|  0%| F|  |TAMS 0x0000000087700000, 0x0000000087700000| Untracked 
| 120|0x0000000087800000, 0x0000000087800000, 0x0000000087900000|  0%| F|  |TAMS 0x0000000087800000, 0x0000000087800000| Untracked 
| 121|0x0000000087900000, 0x0000000087900000, 0x0000000087a00000|  0%| F|  |TAMS 0x0000000087900000, 0x0000000087900000| Untracked 
| 122|0x0000000087a00000, 0x0000000087a00000, 0x0000000087b00000|  0%| F|  |TAMS 0x0000000087a00000, 0x0000000087a00000| Untracked 
| 123|0x0000000087b00000, 0x0000000087b00000, 0x0000000087c00000|  0%| F|  |TAMS 0x0000000087b00000, 0x0000000087b00000| Untracked 
| 124|0x0000000087c00000, 0x0000000087c00000, 0x0000000087d00000|  0%| F|  |TAMS 0x0000000087c00000, 0x0000000087c00000| Untracked 
| 125|0x0000000087d00000, 0x0000000087d00000, 0x0000000087e00000|  0%| F|  |TAMS 0x0000000087d00000, 0x0000000087d00000| Untracked 
| 126|0x0000000087e00000, 0x0000000087e00000, 0x0000000087f00000|  0%| F|  |TAMS 0x0000000087e00000, 0x0000000087e00000| Untracked 
| 127|0x0000000087f00000, 0x0000000087f00000, 0x0000000088000000|  0%| F|  |TAMS 0x0000000087f00000, 0x0000000087f00000| Untracked 
| 128|0x0000000088000000, 0x0000000088000000, 0x0000000088100000|  0%| F|  |TAMS 0x0000000088000000, 0x0000000088000000| Untracked 
| 129|0x0000000088100000, 0x0000000088100000, 0x0000000088200000|  0%| F|  |TAMS 0x0000000088100000, 0x0000000088100000| Untracked 
| 130|0x0000000088200000, 0x0000000088200000, 0x0000000088300000|  0%| F|  |TAMS 0x0000000088200000, 0x0000000088200000| Untracked 
| 131|0x0000000088300000, 0x0000000088300000, 0x0000000088400000|  0%| F|  |TAMS 0x0000000088300000, 0x0000000088300000| Untracked 
| 132|0x0000000088400000, 0x0000000088400000, 0x0000000088500000|  0%| F|  |TAMS 0x0000000088400000, 0x0000000088400000| Untracked 
| 133|0x0000000088500000, 0x0000000088500000, 0x0000000088600000|  0%| F|  |TAMS 0x0000000088500000, 0x0000000088500000| Untracked 
| 134|0x0000000088600000, 0x0000000088600000, 0x0000000088700000|  0%| F|  |TAMS 0x0000000088600000, 0x0000000088600000| Untracked 
| 135|0x0000000088700000, 0x0000000088700000, 0x0000000088800000|  0%| F|  |TAMS 0x0000000088700000, 0x0000000088700000| Untracked 
| 136|0x0000000088800000, 0x0000000088800000, 0x0000000088900000|  0%| F|  |TAMS 0x0000000088800000, 0x0000000088800000| Untracked 
| 137|0x0000000088900000, 0x0000000088900000, 0x0000000088a00000|  0%| F|  |TAMS 0x0000000088900000, 0x0000000088900000| Untracked 
| 138|0x0000000088a00000, 0x0000000088a00000, 0x0000000088b00000|  0%| F|  |TAMS 0x0000000088a00000, 0x0000000088a00000| Untracked 
| 139|0x0000000088b00000, 0x0000000088b00000, 0x0000000088c00000|  0%| F|  |TAMS 0x0000000088b00000, 0x0000000088b00000| Untracked 
| 140|0x0000000088c00000, 0x0000000088c00000, 0x0000000088d00000|  0%| F|  |TAMS 0x0000000088c00000, 0x0000000088c00000| Untracked 
| 141|0x0000000088d00000, 0x0000000088d00000, 0x0000000088e00000|  0%| F|  |TAMS 0x0000000088d00000, 0x0000000088d00000| Untracked 
| 142|0x0000000088e00000, 0x0000000088e00000, 0x0000000088f00000|  0%| F|  |TAMS 0x0000000088e00000, 0x0000000088e00000| Untracked 
| 143|0x0000000088f00000, 0x0000000088f00000, 0x0000000089000000|  0%| F|  |TAMS 0x0000000088f00000, 0x0000000088f00000| Untracked 
| 144|0x0000000089000000, 0x0000000089000000, 0x0000000089100000|  0%| F|  |TAMS 0x0000000089000000, 0x0000000089000000| Untracked 
| 145|0x0000000089100000, 0x0000000089100000, 0x0000000089200000|  0%| F|  |TAMS 0x0000000089100000, 0x0000000089100000| Untracked 
| 146|0x0000000089200000, 0x0000000089300000, 0x0000000089300000|100%| E|  |TAMS 0x0000000089200000, 0x0000000089200000| Complete 
| 147|0x0000000089300000, 0x0000000089400000, 0x0000000089400000|100%| E|CS|TAMS 0x0000000089300000, 0x0000000089300000| Complete 
| 148|0x0000000089400000, 0x0000000089500000, 0x0000000089500000|100%| E|CS|TAMS 0x0000000089400000, 0x0000000089400000| Complete 
| 149|0x0000000089500000, 0x0000000089600000, 0x0000000089600000|100%| E|CS|TAMS 0x0000000089500000, 0x0000000089500000| Complete 
| 150|0x0000000089600000, 0x0000000089700000, 0x0000000089700000|100%| E|CS|TAMS 0x0000000089600000, 0x0000000089600000| Complete 
| 151|0x0000000089700000, 0x0000000089800000, 0x0000000089800000|100%| E|CS|TAMS 0x0000000089700000, 0x0000000089700000| Complete 
| 152|0x0000000089800000, 0x0000000089900000, 0x0000000089900000|100%| E|CS|TAMS 0x0000000089800000, 0x0000000089800000| Complete 
| 153|0x0000000089900000, 0x0000000089a00000, 0x0000000089a00000|100%| E|CS|TAMS 0x0000000089900000, 0x0000000089900000| Complete 

Card table byte_map: [0x000001c9e1ea0000,0x000001c9e22a0000] _byte_map_base: 0x000001c9e1aa0000

Marking Bits (Prev, Next): (CMBitMap*) 0x000001c9cefcf888, (CMBitMap*) 0x000001c9cefcf8c0
 Prev Bits: [0x000001c9e26a0000, 0x000001c9e46a0000)
 Next Bits: [0x000001c9e46a0000, 0x000001c9e66a0000)

Polling page: 0x000001c9ccef0000

Metaspace:

Usage:
  Non-class:     60.96 MB capacity,    60.01 MB ( 98%) used,   796.63 KB (  1%) free+waste,   173.50 KB ( <1%) overhead. 
      Class:      9.27 MB capacity,     8.67 MB ( 94%) used,   530.29 KB (  6%) free+waste,    80.00 KB ( <1%) overhead. 
       Both:     70.22 MB capacity,    68.68 MB ( 98%) used,     1.30 MB (  2%) free+waste,   253.50 KB ( <1%) overhead. 

Virtual space:
  Non-class space:       62.00 MB reserved,      61.13 MB ( 99%) committed 
      Class space:        1.00 GB reserved,       9.40 MB ( <1%) committed 
             Both:        1.06 GB reserved,      70.53 MB (  6%) committed 

Chunk freelists:
   Non-Class:  49.00 KB
       Class:  13.00 KB
        Both:  62.00 KB

MaxMetaspaceSize: 17179869184.00 GB
CompressedClassSpaceSize: 1.00 GB
Initial GC threshold: 20.80 MB
Current GC threshold: 105.88 MB
CDS: off

CodeHeap 'non-profiled nmethods': size=120064Kb used=3717Kb max_used=3717Kb free=116346Kb
 bounds [0x000001c9da560000, 0x000001c9da910000, 0x000001c9e1aa0000]
CodeHeap 'profiled nmethods': size=120000Kb used=14507Kb max_used=14507Kb free=105492Kb
 bounds [0x000001c9d3030000, 0x000001c9d3e60000, 0x000001c9da560000]
CodeHeap 'non-nmethods': size=5696Kb used=2357Kb max_used=2395Kb free=3338Kb
 bounds [0x000001c9d2aa0000, 0x000001c9d2d10000, 0x000001c9d3030000]
 total_blobs=7693 nmethods=6831 adapters=774
 compilation: enabled
              stopped_count=0, restarted_count=0
 full_count=0

Compilation events (20 events):
Event: 14.676 Thread 0x000001c9e955f000 6870       3       org.apache.commons.io.FilenameUtils::doNormalize (534 bytes)
Event: 14.678 Thread 0x000001c9e955f000 nmethod 6870 0x000001c9d3e4db90 code [0x000001c9d3e4df00, 0x000001c9d3e4f708]
Event: 14.678 Thread 0x000001c9e955f000 6871       3       org.gradle.api.internal.model.DefaultObjectFactory::property (172 bytes)
Event: 14.680 Thread 0x000001c9e955f000 nmethod 6871 0x000001c9d3e4ff90 code [0x000001c9d3e50660, 0x000001c9d3e53458]
Event: 14.680 Thread 0x000001c9e955f000 6873       3       java.util.HashSet::remove (20 bytes)
Event: 14.680 Thread 0x000001c9e955f000 nmethod 6873 0x000001c9d3e54590 code [0x000001c9d3e54760, 0x000001c9d3e54988]
Event: 14.680 Thread 0x000001c9e955f000 6872       1       com.google.common.cache.LocalCache$StrongEntry::getHash (5 bytes)
Event: 14.680 Thread 0x000001c9e955f000 nmethod 6872 0x000001c9da900910 code [0x000001c9da900ac0, 0x000001c9da900b78]
Event: 14.704 Thread 0x000001c9e955f000 6874       3       org.gradle.api.internal.tasks.DefaultTaskContainer_Decorated::getMutationGuard (39 bytes)
Event: 14.704 Thread 0x000001c9e955f000 nmethod 6874 0x000001c9d3e54a90 code [0x000001c9d3e54ce0, 0x000001c9d3e55688]
Event: 14.705 Thread 0x000001c9e955f000 6875       3       org.gradle.api.internal.provider.AbstractMinimalProvider::asSupplier (96 bytes)
Event: 14.706 Thread 0x000001c9e955f000 nmethod 6875 0x000001c9d3e55990 code [0x000001c9d3e55d20, 0x000001c9d3e57708]
Event: 14.709 Thread 0x000001c9e955f000 6876       3       org.gradle.api.internal.DefaultNamedDomainObjectCollection::hasWithName (32 bytes)
Event: 14.709 Thread 0x000001c9e955f000 nmethod 6876 0x000001c9d3e57e90 code [0x000001c9d3e58060, 0x000001c9d3e58398]
Event: 14.731 Thread 0x000001c9e955f000 6878       3       org.gradle.api.internal.project.DefaultProject::getIdentityPath (10 bytes)
Event: 14.731 Thread 0x000001c9e955f000 nmethod 6878 0x000001c9d3e58490 code [0x000001c9d3e58640, 0x000001c9d3e58798]
Event: 14.732 Thread 0x000001c9e955f000 6879       1       org.gradle.api.internal.DefaultNamedDomainObjectCollection$AbstractNamedDomainObjectProvider::getName (5 bytes)
Event: 14.732 Thread 0x000001c9e955f000 nmethod 6879 0x000001c9da900c10 code [0x000001c9da900dc0, 0x000001c9da900e78]
Event: 15.280 Thread 0x000001c9e955f000 6880       1       javax.management.ObjectName::getCanonicalName (5 bytes)
Event: 15.280 Thread 0x000001c9e955f000 nmethod 6880 0x000001c9da900f10 code [0x000001c9da9010c0, 0x000001c9da901178]

GC Heap History (20 events):
Event: 6.878 GC heap before
{Heap before GC invocations=7 (full 0):
 garbage-first heap   total 129024K, used 74668K [0x0000000080000000, 0x0000000100000000)
  region size 1024K, 58 young (59392K), 4 survivors (4096K)
 Metaspace       used 31830K, capacity 32545K, committed 32892K, reserved 1077248K
  class space    used 4208K, capacity 4462K, committed 4556K, reserved 1048576K
}
Event: 6.898 GC heap after
{Heap after GC invocations=8 (full 0):
 garbage-first heap   total 129024K, used 21137K [0x0000000080000000, 0x0000000100000000)
  region size 1024K, 5 young (5120K), 5 survivors (5120K)
 Metaspace       used 31830K, capacity 32545K, committed 32892K, reserved 1077248K
  class space    used 4208K, capacity 4462K, committed 4556K, reserved 1048576K
}
Event: 7.700 GC heap before
{Heap before GC invocations=8 (full 0):
 garbage-first heap   total 129024K, used 29329K [0x0000000080000000, 0x0000000100000000)
  region size 1024K, 14 young (14336K), 5 survivors (5120K)
 Metaspace       used 35130K, capacity 35906K, committed 35964K, reserved 1081344K
  class space    used 4492K, capacity 4794K, committed 4812K, reserved 1048576K
}
Event: 7.737 GC heap after
{Heap after GC invocations=9 (full 0):
 garbage-first heap   total 129024K, used 23130K [0x0000000080000000, 0x0000000100000000)
  region size 1024K, 7 young (7168K), 7 survivors (7168K)
 Metaspace       used 35130K, capacity 35906K, committed 35964K, reserved 1081344K
  class space    used 4492K, capacity 4794K, committed 4812K, reserved 1048576K
}
Event: 8.838 GC heap before
{Heap before GC invocations=10 (full 0):
 garbage-first heap   total 129024K, used 76378K [0x0000000080000000, 0x0000000100000000)
  region size 1024K, 57 young (58368K), 7 survivors (7168K)
 Metaspace       used 39300K, capacity 40208K, committed 40316K, reserved 1085440K
  class space    used 4933K, capacity 5263K, committed 5324K, reserved 1048576K
}
Event: 8.846 GC heap after
{Heap after GC invocations=11 (full 0):
 garbage-first heap   total 129024K, used 26666K [0x0000000080000000, 0x0000000100000000)
  region size 1024K, 8 young (8192K), 8 survivors (8192K)
 Metaspace       used 39300K, capacity 40208K, committed 40316K, reserved 1085440K
  class space    used 4933K, capacity 5263K, committed 5324K, reserved 1048576K
}
Event: 9.613 GC heap before
{Heap before GC invocations=11 (full 0):
 garbage-first heap   total 129024K, used 80938K [0x0000000080000000, 0x0000000100000000)
  region size 1024K, 60 young (61440K), 8 survivors (8192K)
 Metaspace       used 44270K, capacity 45336K, committed 45692K, reserved 1089536K
  class space    used 5564K, capacity 5959K, committed 6092K, reserved 1048576K
}
Event: 9.635 GC heap after
{Heap after GC invocations=12 (full 0):
 garbage-first heap   total 129024K, used 29771K [0x0000000080000000, 0x0000000100000000)
  region size 1024K, 7 young (7168K), 7 survivors (7168K)
 Metaspace       used 44270K, capacity 45336K, committed 45692K, reserved 1089536K
  class space    used 5564K, capacity 5959K, committed 6092K, reserved 1048576K
}
Event: 10.663 GC heap before
{Heap before GC invocations=12 (full 0):
 garbage-first heap   total 129024K, used 85067K [0x0000000080000000, 0x0000000100000000)
  region size 1024K, 61 young (62464K), 7 survivors (7168K)
 Metaspace       used 48189K, capacity 49362K, committed 49532K, reserved 1091584K
  class space    used 6084K, capacity 6516K, committed 6604K, reserved 1048576K
}
Event: 10.684 GC heap after
{Heap after GC invocations=13 (full 0):
 garbage-first heap   total 157696K, used 31336K [0x0000000080000000, 0x0000000100000000)
  region size 1024K, 5 young (5120K), 5 survivors (5120K)
 Metaspace       used 48189K, capacity 49362K, committed 49532K, reserved 1091584K
  class space    used 6084K, capacity 6516K, committed 6604K, reserved 1048576K
}
Event: 11.924 GC heap before
{Heap before GC invocations=13 (full 0):
 garbage-first heap   total 157696K, used 115304K [0x0000000080000000, 0x0000000100000000)
  region size 1024K, 78 young (79872K), 5 survivors (5120K)
 Metaspace       used 53754K, capacity 55117K, committed 55164K, reserved 1097728K
  class space    used 6790K, capacity 7330K, committed 7372K, reserved 1048576K
}
Event: 11.932 GC heap after
{Heap after GC invocations=14 (full 0):
 garbage-first heap   total 157696K, used 49987K [0x0000000080000000, 0x0000000100000000)
  region size 1024K, 10 young (10240K), 10 survivors (10240K)
 Metaspace       used 53754K, capacity 55117K, committed 55164K, reserved 1097728K
  class space    used 6790K, capacity 7330K, committed 7372K, reserved 1048576K
}
Event: 12.548 GC heap before
{Heap before GC invocations=14 (full 0):
 garbage-first heap   total 157696K, used 83779K [0x0000000080000000, 0x0000000100000000)
  region size 1024K, 44 young (45056K), 10 survivors (10240K)
 Metaspace       used 58857K, capacity 60293K, committed 60368K, reserved 1101824K
  class space    used 7410K, capacity 7964K, committed 8012K, reserved 1048576K
}
Event: 12.561 GC heap after
{Heap after GC invocations=15 (full 0):
 garbage-first heap   total 157696K, used 51647K [0x0000000080000000, 0x0000000100000000)
  region size 1024K, 2 young (2048K), 2 survivors (2048K)
 Metaspace       used 58857K, capacity 60293K, committed 60368K, reserved 1101824K
  class space    used 7410K, capacity 7964K, committed 8012K, reserved 1048576K
}
Event: 13.454 GC heap before
{Heap before GC invocations=16 (full 0):
 garbage-first heap   total 157696K, used 112063K [0x0000000080000000, 0x0000000100000000)
  region size 1024K, 54 young (55296K), 2 survivors (2048K)
 Metaspace       used 63248K, capacity 64733K, committed 65052K, reserved 1105920K
  class space    used 7944K, capacity 8497K, committed 8600K, reserved 1048576K
}
Event: 13.460 GC heap after
{Heap after GC invocations=17 (full 0):
 garbage-first heap   total 157696K, used 55990K [0x0000000080000000, 0x0000000100000000)
  region size 1024K, 7 young (7168K), 7 survivors (7168K)
 Metaspace       used 63248K, capacity 64733K, committed 65052K, reserved 1105920K
  class space    used 7944K, capacity 8497K, committed 8600K, reserved 1048576K
}
Event: 14.238 GC heap before
{Heap before GC invocations=18 (full 0):
 garbage-first heap   total 157696K, used 110262K [0x0000000080000000, 0x0000000100000000)
  region size 1024K, 59 young (60416K), 7 survivors (7168K)
 Metaspace       used 67707K, capacity 69133K, committed 69276K, reserved 1110016K
  class space    used 8511K, capacity 9099K, committed 9240K, reserved 1048576K
}
Event: 14.245 GC heap after
{Heap after GC invocations=19 (full 0):
 garbage-first heap   total 157696K, used 59434K [0x0000000080000000, 0x0000000100000000)
  region size 1024K, 4 young (4096K), 4 survivors (4096K)
 Metaspace       used 67707K, capacity 69133K, committed 69276K, reserved 1110016K
  class space    used 8511K, capacity 9099K, committed 9240K, reserved 1048576K
}
Event: 14.625 GC heap before
{Heap before GC invocations=19 (full 0):
 garbage-first heap   total 157696K, used 113706K [0x0000000080000000, 0x0000000100000000)
  region size 1024K, 57 young (58368K), 4 survivors (4096K)
 Metaspace       used 69444K, capacity 70981K, committed 71196K, reserved 1112064K
  class space    used 8734K, capacity 9331K, committed 9368K, reserved 1048576K
}
Event: 14.631 GC heap after
{Heap after GC invocations=20 (full 0):
 garbage-first heap   total 157696K, used 63019K [0x0000000080000000, 0x0000000100000000)
  region size 1024K, 7 young (7168K), 7 survivors (7168K)
 Metaspace       used 69444K, capacity 70981K, committed 71196K, reserved 1112064K
  class space    used 8734K, capacity 9331K, committed 9368K, reserved 1048576K
}

Deoptimization events (20 events):
Event: 13.938 Thread 0x000001c9eb6f2800 DEOPT PACKING pc=0x000001c9da8c1a68 sp=0x00000027cbef7e00
Event: 13.938 Thread 0x000001c9eb6f2800 DEOPT UNPACKING pc=0x000001c9d2aa85af sp=0x00000027cbef7db0 mode 2
Event: 13.960 Thread 0x000001c9eb6f2800 Uncommon trap: trap_request=0xffffff4d fr.pc=0x000001c9da77db74 relative=0x0000000000000214
Event: 13.960 Thread 0x000001c9eb6f2800 Uncommon trap: reason=unstable_if action=reinterpret pc=0x000001c9da77db74 method=java.lang.invoke.LambdaForm$BasicType.basicType(C)Ljava/lang/invoke/LambdaForm$BasicType; @ 1 c2
Event: 13.960 Thread 0x000001c9eb6f2800 DEOPT PACKING pc=0x000001c9da77db74 sp=0x00000027cbef79b0
Event: 13.960 Thread 0x000001c9eb6f2800 DEOPT UNPACKING pc=0x000001c9d2aa85af sp=0x00000027cbef7898 mode 2
Event: 14.074 Thread 0x000001c9eb6f2800 Uncommon trap: trap_request=0xffffff4d fr.pc=0x000001c9da6927c4 relative=0x0000000000004d24
Event: 14.074 Thread 0x000001c9eb6f2800 Uncommon trap: reason=unstable_if action=reinterpret pc=0x000001c9da6927c4 method=sun.net.www.protocol.jar.Handler.parseURL(Ljava/net/URL;Ljava/lang/String;II)V @ 116 c2
Event: 14.074 Thread 0x000001c9eb6f2800 DEOPT PACKING pc=0x000001c9da6927c4 sp=0x00000027cbef7df0
Event: 14.074 Thread 0x000001c9eb6f2800 DEOPT UNPACKING pc=0x000001c9d2aa85af sp=0x00000027cbef7ce8 mode 2
Event: 14.290 Thread 0x000001c9eb6f2800 Uncommon trap: trap_request=0xffffff4d fr.pc=0x000001c9da72c294 relative=0x0000000000000354
Event: 14.290 Thread 0x000001c9eb6f2800 Uncommon trap: reason=unstable_if action=reinterpret pc=0x000001c9da72c294 method=java.util.StringJoiner.add(Ljava/lang/CharSequence;)Ljava/util/StringJoiner; @ 33 c2
Event: 14.290 Thread 0x000001c9eb6f2800 DEOPT PACKING pc=0x000001c9da72c294 sp=0x00000027cbef57a0
Event: 14.290 Thread 0x000001c9eb6f2800 DEOPT UNPACKING pc=0x000001c9d2aa85af sp=0x00000027cbef5750 mode 2
Event: 14.404 Thread 0x000001c9eb6f2800 Uncommon trap: trap_request=0xffffff4d fr.pc=0x000001c9da7349a4 relative=0x0000000000005c24
Event: 14.404 Thread 0x000001c9eb6f2800 Uncommon trap: reason=unstable_if action=reinterpret pc=0x000001c9da7349a4 method=org.codehaus.groovy.runtime.metaclass.MetaMethodIndex.isOverridden(Lgroovy/lang/MetaMethod;Lgroovy/lang/MetaMethod;)Z @ 33 c2
Event: 14.404 Thread 0x000001c9eb6f2800 DEOPT PACKING pc=0x000001c9da7349a4 sp=0x00000027cbef4570
Event: 14.404 Thread 0x000001c9eb6f2800 DEOPT UNPACKING pc=0x000001c9d2aa85af sp=0x00000027cbef4588 mode 2
Event: 14.604 Thread 0x000001c9eb6f2800 DEOPT PACKING pc=0x000001c9d3d7585d sp=0x00000027cbef8630
Event: 14.604 Thread 0x000001c9eb6f2800 DEOPT UNPACKING pc=0x000001c9d2ae9d0e sp=0x00000027cbef7ae8 mode 0

Classes redefined (0 events):
No events

Internal exceptions (20 events):
Event: 14.416 Thread 0x000001c9eb6f2800 Exception <a 'java/lang/ClassNotFoundException'{0x00000000876c3ae0}: build_8sznvj7y8o945kl3vd6wpcwdr$_run_closure1$_closure4BeanInfo> (0x00000000876c3ae0) thrown at [./src/hotspot/share/classfile/systemDictionary.cpp, line 231]
Event: 14.417 Thread 0x000001c9eb6f2800 Exception <a 'java/lang/ClassNotFoundException'{0x00000000876d6058}: build_8sznvj7y8o945kl3vd6wpcwdr$_run_closure1$_closure4Customizer> (0x00000000876d6058) thrown at [./src/hotspot/share/classfile/systemDictionary.cpp, line 231]
Event: 14.418 Thread 0x000001c9eb6f2800 Exception <a 'java/lang/ClassNotFoundException'{0x00000000875016b8}: build_8sznvj7y8o945kl3vd6wpcwdr$_run_closure1BeanInfo> (0x00000000875016b8) thrown at [./src/hotspot/share/classfile/systemDictionary.cpp, line 231]
Event: 14.418 Thread 0x000001c9eb6f2800 Exception <a 'java/lang/ClassNotFoundException'{0x0000000087513330}: build_8sznvj7y8o945kl3vd6wpcwdr$_run_closure1Customizer> (0x0000000087513330) thrown at [./src/hotspot/share/classfile/systemDictionary.cpp, line 231]
Event: 14.423 Thread 0x000001c9eb6f2800 Exception <a 'java/lang/ClassNotFoundException'{0x00000000875739c8}: org/gradle/api/JavaVersionBeanInfo> (0x00000000875739c8) thrown at [./src/hotspot/share/classfile/systemDictionary.cpp, line 231]
Event: 14.423 Thread 0x000001c9eb6f2800 Exception <a 'java/lang/ClassNotFoundException'{0x000000008759faf8}: org/gradle/api/JavaVersionCustomizer> (0x000000008759faf8) thrown at [./src/hotspot/share/classfile/systemDictionary.cpp, line 231]
Event: 14.427 Thread 0x000001c9eb6f2800 Exception <a 'java/lang/ClassNotFoundException'{0x000000008740a2d8}: com/android/build/gradle/internal/CompileOptions$AgpDecorated_DecoratedBeanInfo> (0x000000008740a2d8) thrown at [./src/hotspot/share/classfile/systemDictionary.cpp, line 231]
Event: 14.427 Thread 0x000001c9eb6f2800 Exception <a 'java/lang/ClassNotFoundException'{0x00000000874289b0}: com/android/build/gradle/internal/CompileOptions$AgpDecoratedBeanInfo> (0x00000000874289b0) thrown at [./src/hotspot/share/classfile/systemDictionary.cpp, line 231]
Event: 14.427 Thread 0x000001c9eb6f2800 Exception <a 'java/lang/ClassNotFoundException'{0x0000000087444620}: com/android/build/gradle/internal/CompileOptionsBeanInfo> (0x0000000087444620) thrown at [./src/hotspot/share/classfile/systemDictionary.cpp, line 231]
Event: 14.427 Thread 0x000001c9eb6f2800 Exception <a 'java/lang/ClassNotFoundException'{0x0000000087460e80}: com/android/build/gradle/internal/CompileOptionsCustomizer> (0x0000000087460e80) thrown at [./src/hotspot/share/classfile/systemDictionary.cpp, line 231]
Event: 14.428 Thread 0x000001c9eb6f2800 Exception <a 'java/lang/ClassNotFoundException'{0x000000008748bab0}: com/android/build/gradle/internal/CompileOptions$AgpDecoratedCustomizer> (0x000000008748bab0) thrown at [./src/hotspot/share/classfile/systemDictionary.cpp, line 231]
Event: 14.429 Thread 0x000001c9eb6f2800 Exception <a 'java/lang/ClassNotFoundException'{0x00000000874b91b8}: com/android/build/gradle/internal/CompileOptions$AgpDecorated_DecoratedCustomizer> (0x00000000874b91b8) thrown at [./src/hotspot/share/classfile/systemDictionary.cpp, line 231]
Event: 14.447 Thread 0x000001c9eb6f2800 Exception <a 'java/lang/ClassNotFoundException'{0x00000000872221b8}: org/jetbrains/kotlin/gradle/dsl/KotlinJvmOptionsImplBeanInfo> (0x00000000872221b8) thrown at [./src/hotspot/share/classfile/systemDictionary.cpp, line 231]
Event: 14.448 Thread 0x000001c9eb6f2800 Exception <a 'java/lang/ClassNotFoundException'{0x000000008723e048}: org/jetbrains/kotlin/gradle/dsl/KotlinJvmOptionsBaseBeanInfo> (0x000000008723e048) thrown at [./src/hotspot/share/classfile/systemDictionary.cpp, line 231]
Event: 14.448 Thread 0x000001c9eb6f2800 Exception <a 'java/lang/ClassNotFoundException'{0x000000008725a1c0}: org/jetbrains/kotlin/gradle/dsl/KotlinJvmOptionsBaseCustomizer> (0x000000008725a1c0) thrown at [./src/hotspot/share/classfile/systemDictionary.cpp, line 231]
Event: 14.449 Thread 0x000001c9eb6f2800 Exception <a 'java/lang/ClassNotFoundException'{0x0000000087288188}: org/jetbrains/kotlin/gradle/dsl/KotlinJvmOptionsImplCustomizer> (0x0000000087288188) thrown at [./src/hotspot/share/classfile/systemDictionary.cpp, line 231]
Event: 14.452 Thread 0x000001c9eb6f2800 Exception <a 'java/lang/ClassNotFoundException'{0x000000008712e088}: org/gradle/api/internal/artifacts/dsl/dependencies/DefaultDependencyHandler_DecoratedBeanInfo> (0x000000008712e088) thrown at [./src/hotspot/share/classfile/systemDictionary.cpp, line 231]
Event: 14.453 Thread 0x000001c9eb6f2800 Exception <a 'java/lang/ClassNotFoundException'{0x00000000871793c8}: org/gradle/api/internal/artifacts/dsl/dependencies/DefaultDependencyHandlerBeanInfo> (0x00000000871793c8) thrown at [./src/hotspot/share/classfile/systemDictionary.cpp, line 231]
Event: 14.454 Thread 0x000001c9eb6f2800 Exception <a 'java/lang/ClassNotFoundException'{0x00000000871c4b58}: org/gradle/api/internal/artifacts/dsl/dependencies/DefaultDependencyHandlerCustomizer> (0x00000000871c4b58) thrown at [./src/hotspot/share/classfile/systemDictionary.cpp, line 231]
Event: 14.456 Thread 0x000001c9eb6f2800 Exception <a 'java/lang/ClassNotFoundException'{0x000000008703a278}: org/gradle/api/internal/artifacts/dsl/dependencies/DefaultDependencyHandler_DecoratedCustomizer> (0x000000008703a278) thrown at [./src/hotspot/share/classfile/systemDictionary.cpp, line 231]

Events (20 events):
Event: 14.732 loading class com/android/build/gradle/tasks/ExtractDeepLinksTask
Event: 14.732 loading class com/android/build/gradle/tasks/ExtractDeepLinksTask done
Event: 14.733 loading class com/android/build/gradle/tasks/ExtractDeepLinksTask$BaseCreationAction$handleProvider$1
Event: 14.733 loading class com/android/build/gradle/tasks/ExtractDeepLinksTask$BaseCreationAction$handleProvider$1 done
Event: 14.734 loading class com/android/build/gradle/internal/pipeline/OriginalStream
Event: 14.734 loading class com/android/build/gradle/internal/pipeline/OriginalStream done
Event: 14.735 loading class com/android/build/gradle/internal/pipeline/TransformStream
Event: 14.735 loading class com/android/build/gradle/internal/pipeline/TransformStream done
Event: 14.736 loading class com/android/build/api/transform/QualifiedContent
Event: 14.736 loading class com/android/build/api/transform/QualifiedContent done
Event: 14.736 loading class com/android/build/api/transform/TransformInput
Event: 14.736 loading class com/android/build/api/transform/TransformInput done
Event: 14.736 loading class com/android/build/gradle/internal/pipeline/IncrementalTransformInput
Event: 14.736 loading class com/android/build/gradle/internal/pipeline/IncrementalTransformInput done
Event: 14.737 loading class com/android/build/gradle/internal/pipeline/OriginalStream$OriginalTransformInput
Event: 14.737 loading class com/android/build/gradle/internal/pipeline/OriginalStream$OriginalTransformInput done
Event: 14.737 loading class com/android/build/gradle/internal/pipeline/OriginalStream$Builder
Event: 14.737 loading class com/android/build/gradle/internal/pipeline/OriginalStream$Builder done
Event: 15.752 loading class com/android/build/gradle/internal/dependency/VariantDependencies$Companion$WhenMappings
Event: 15.752 loading class com/android/build/gradle/internal/dependency/VariantDependencies$Companion$WhenMappings done


Dynamic libraries:
0x00007ff611a80000 - 0x00007ff611a8a000 	C:\Program Files\Android\Android Studio\jre\bin\java.exe
0x00007ffe4ca90000 - 0x00007ffe4cca7000 	C:\WINDOWS\SYSTEM32\ntdll.dll
0x00007ffe4b410000 - 0x00007ffe4b4d3000 	C:\WINDOWS\System32\KERNEL32.DLL
0x00007ffe4a210000 - 0x00007ffe4a5ae000 	C:\WINDOWS\System32\KERNELBASE.dll
0x00007ffe49f80000 - 0x00007ffe4a097000 	C:\WINDOWS\System32\ucrtbase.dll
0x00007ffe43830000 - 0x00007ffe43849000 	C:\Program Files\Android\Android Studio\jre\bin\jli.dll
0x00007ffe4bfa0000 - 0x00007ffe4c14a000 	C:\WINDOWS\System32\USER32.dll
0x00007ffe4a0a0000 - 0x00007ffe4a0c6000 	C:\WINDOWS\System32\win32u.dll
0x00007ffe4bf40000 - 0x00007ffe4bf69000 	C:\WINDOWS\System32\GDI32.dll
0x00007ffe49e60000 - 0x00007ffe49f77000 	C:\WINDOWS\System32\gdi32full.dll
0x00007ffe4a5b0000 - 0x00007ffe4a64a000 	C:\WINDOWS\System32\msvcp_win.dll
0x00007ffe43590000 - 0x00007ffe435a7000 	C:\Program Files\Android\Android Studio\jre\bin\VCRUNTIME140.dll
0x00007ffe30650000 - 0x00007ffe308e1000 	C:\WINDOWS\WinSxS\amd64_microsoft.windows.common-controls_6595b64144ccf1df_6.0.25247.1000_none_7aedc753f2a8b3d1\COMCTL32.dll
0x00007ffe4b350000 - 0x00007ffe4b3f7000 	C:\WINDOWS\System32\msvcrt.dll
0x00007ffe4a850000 - 0x00007ffe4a880000 	C:\WINDOWS\System32\IMM32.DLL
0x00007ffe33690000 - 0x00007ffe3372d000 	C:\Program Files\Android\Android Studio\jre\bin\msvcp140.dll
0x00007ffde5fc0000 - 0x00007ffde6ac2000 	C:\Program Files\Android\Android Studio\jre\bin\server\jvm.dll
0x00007ffe4be20000 - 0x00007ffe4becd000 	C:\WINDOWS\System32\ADVAPI32.dll
0x00007ffe4c6c0000 - 0x00007ffe4c766000 	C:\WINDOWS\System32\sechost.dll
0x00007ffe4b220000 - 0x00007ffe4b347000 	C:\WINDOWS\System32\RPCRT4.dll
0x00007ffe4bed0000 - 0x00007ffe4bed8000 	C:\WINDOWS\System32\PSAPI.DLL
0x00007ffe1cb20000 - 0x00007ffe1cb29000 	C:\WINDOWS\SYSTEM32\WSOCK32.dll
0x00007ffe4b0d0000 - 0x00007ffe4b13f000 	C:\WINDOWS\System32\WS2_32.dll
0x00007ffe373d0000 - 0x00007ffe37405000 	C:\WINDOWS\SYSTEM32\WINMM.dll
0x00007ffe35b30000 - 0x00007ffe35b3a000 	C:\WINDOWS\SYSTEM32\VERSION.dll
0x00007ffe48ef0000 - 0x00007ffe48f08000 	C:\WINDOWS\SYSTEM32\kernel.appcore.dll
0x00007ffe43cc0000 - 0x00007ffe43cd1000 	C:\Program Files\Android\Android Studio\jre\bin\verify.dll
0x00007ffe3df40000 - 0x00007ffe3e172000 	C:\WINDOWS\SYSTEM32\DBGHELP.DLL
0x00007ffe4c150000 - 0x00007ffe4c4d7000 	C:\WINDOWS\System32\combase.dll
0x00007ffe4c4e0000 - 0x00007ffe4c5b8000 	C:\WINDOWS\System32\OLEAUT32.dll
0x00007ffe1f200000 - 0x00007ffe1f232000 	C:\WINDOWS\SYSTEM32\dbgcore.DLL
0x00007ffe4a0d0000 - 0x00007ffe4a149000 	C:\WINDOWS\System32\bcryptPrimitives.dll
0x00007ffe43770000 - 0x00007ffe43799000 	C:\Program Files\Android\Android Studio\jre\bin\java.dll
0x00007ffe442e0000 - 0x00007ffe442eb000 	C:\Program Files\Android\Android Studio\jre\bin\jimage.dll
0x00007ffe43750000 - 0x00007ffe43768000 	C:\Program Files\Android\Android Studio\jre\bin\zip.dll
0x00007ffe4b4e0000 - 0x00007ffe4bccd000 	C:\WINDOWS\System32\SHELL32.dll
0x00007ffe47d90000 - 0x00007ffe4862a000 	C:\WINDOWS\SYSTEM32\windows.storage.dll
0x00007ffe47c00000 - 0x00007ffe47d8d000 	C:\WINDOWS\SYSTEM32\wintypes.dll
0x00007ffe4afe0000 - 0x00007ffe4b0cb000 	C:\WINDOWS\System32\SHCORE.dll
0x00007ffe4bee0000 - 0x00007ffe4bf3e000 	C:\WINDOWS\System32\shlwapi.dll
0x00007ffe49d80000 - 0x00007ffe49da1000 	C:\WINDOWS\SYSTEM32\profapi.dll
0x00007ffe43730000 - 0x00007ffe4374a000 	C:\Program Files\Android\Android Studio\jre\bin\net.dll
0x00007ffe41b50000 - 0x00007ffe41c7e000 	C:\WINDOWS\SYSTEM32\WINHTTP.dll
0x00007ffe493a0000 - 0x00007ffe49409000 	C:\WINDOWS\system32\mswsock.dll
0x00007ffe43710000 - 0x00007ffe43724000 	C:\Program Files\Android\Android Studio\jre\bin\nio.dll
0x00007ffe43540000 - 0x00007ffe43567000 	C:\Users\LENOVO\.gradle\native\e1d6ef7f7dcc3fd88c89a11ec53ec762bb8ba0a96d01ffa2cd45eb1d1d8dd5c5\windows-amd64\native-platform.dll
0x00007ffe28790000 - 0x00007ffe288d4000 	C:\Users\LENOVO\.gradle\native\0d407fdbe67a94daf76414ababcb853783967236a71b16ec16e742cd7a986fd3\windows-amd64\native-platform-file-events.dll
0x00007ffe43d10000 - 0x00007ffe43d1a000 	C:\Program Files\Android\Android Studio\jre\bin\management.dll
0x00007ffe43bb0000 - 0x00007ffe43bbd000 	C:\Program Files\Android\Android Studio\jre\bin\management_ext.dll
0x00007ffe49620000 - 0x00007ffe4963b000 	C:\WINDOWS\SYSTEM32\CRYPTSP.dll
0x00007ffe48e50000 - 0x00007ffe48e84000 	C:\WINDOWS\system32\rsaenh.dll
0x00007ffe494c0000 - 0x00007ffe494e8000 	C:\WINDOWS\SYSTEM32\USERENV.dll
0x00007ffe497e0000 - 0x00007ffe49808000 	C:\WINDOWS\SYSTEM32\bcrypt.dll
0x00007ffe49640000 - 0x00007ffe4964c000 	C:\WINDOWS\SYSTEM32\CRYPTBASE.dll
0x00007ffe48930000 - 0x00007ffe4895e000 	C:\WINDOWS\SYSTEM32\IPHLPAPI.DLL
0x00007ffe4be10000 - 0x00007ffe4be19000 	C:\WINDOWS\System32\NSI.dll
0x00007ffe419f0000 - 0x00007ffe41a09000 	C:\WINDOWS\SYSTEM32\dhcpcsvc6.DLL
0x00007ffe41920000 - 0x00007ffe4193f000 	C:\WINDOWS\SYSTEM32\dhcpcsvc.DLL
0x00007ffe489f0000 - 0x00007ffe48aed000 	C:\WINDOWS\SYSTEM32\DNSAPI.dll

dbghelp: loaded successfully - version: 4.0.5 - missing functions: none
symbol engine: initialized successfully - sym options: 0x614 - pdb path: .;C:\Program Files\Android\Android Studio\jre\bin;C:\WINDOWS\SYSTEM32;C:\WINDOWS\WinSxS\amd64_microsoft.windows.common-controls_6595b64144ccf1df_6.0.25247.1000_none_7aedc753f2a8b3d1;C:\Program Files\Android\Android Studio\jre\bin\server;C:\Users\LENOVO\.gradle\native\e1d6ef7f7dcc3fd88c89a11ec53ec762bb8ba0a96d01ffa2cd45eb1d1d8dd5c5\windows-amd64;C:\Users\LENOVO\.gradle\native\0d407fdbe67a94daf76414ababcb853783967236a71b16ec16e742cd7a986fd3\windows-amd64

VM Arguments:
jvm_args: --add-opens=java.base/java.util=ALL-UNNAMED --add-opens=java.base/java.lang=ALL-UNNAMED --add-opens=java.base/java.lang.invoke=ALL-UNNAMED --add-opens=java.base/java.util=ALL-UNNAMED --add-opens=java.prefs/java.util.prefs=ALL-UNNAMED --add-opens=java.prefs/java.util.prefs=ALL-UNNAMED --add-opens=java.base/java.nio.charset=ALL-UNNAMED --add-opens=java.base/java.net=ALL-UNNAMED --add-opens=java.base/java.util.concurrent.atomic=ALL-UNNAMED -Xmx2048m -Dfile.encoding=UTF-8 -Duser.country=US -Duser.language=en -Duser.variant 
java_command: org.gradle.launcher.daemon.bootstrap.GradleDaemon 7.4
java_class_path (initial): C:\Users\LENOVO\.gradle\wrapper\dists\gradle-7.4-bin\c0gwcg53nkjbqw7r0h0umtfvt\gradle-7.4\lib\gradle-launcher-7.4.jar
Launcher Type: SUN_STANDARD

[Global flags]
     intx CICompilerCount                          = 3                                         {product} {ergonomic}
     uint ConcGCThreads                            = 1                                         {product} {ergonomic}
     uint G1ConcRefinementThreads                  = 4                                         {product} {ergonomic}
   size_t G1HeapRegionSize                         = 1048576                                   {product} {ergonomic}
    uintx GCDrainStackTargetSize                   = 64                                        {product} {ergonomic}
   size_t InitialHeapSize                          = 132120576                                 {product} {ergonomic}
   size_t MarkStackSize                            = 4194304                                   {product} {ergonomic}
   size_t MaxHeapSize                              = 2147483648                                {product} {command line}
   size_t MaxNewSize                               = 1287651328                                {product} {ergonomic}
   size_t MinHeapDeltaBytes                        = 1048576                                   {product} {ergonomic}
    uintx NonNMethodCodeHeapSize                   = 5830732                                {pd product} {ergonomic}
    uintx NonProfiledCodeHeapSize                  = 122913754                              {pd product} {ergonomic}
    uintx ProfiledCodeHeapSize                     = 122913754                              {pd product} {ergonomic}
    uintx ReservedCodeCacheSize                    = 251658240                              {pd product} {ergonomic}
     bool SegmentedCodeCache                       = true                                      {product} {ergonomic}
     bool UseCompressedClassPointers               = true                                 {lp64_product} {ergonomic}
     bool UseCompressedOops                        = true                                 {lp64_product} {ergonomic}
     bool UseG1GC                                  = true                                      {product} {ergonomic}
     bool UseLargePagesIndividualAllocation        = false                                  {pd product} {ergonomic}

Logging:
Log output configuration:
 #0: stdout all=warning uptime,level,tags
 #1: stderr all=off uptime,level,tags

Environment Variables:
JAVA_HOME=C:\Program Files\Zulu\zulu-11
PATH=C:\Program Files\Zulu\zulu-11\bin\;C:\Python39\Scripts\;C:\Python39\;C:\Windows\system32;C:\Windows;C:\Windows\System32\Wbem;C:\Windows\System32\WindowsPowerShell\v1.0\;C:\Windows\System32\OpenSSH\;C:\Program Files (x86)\NVIDIA Corporation\PhysX\Common;E:\xampp\php;C:\ProgramData\ComposerSetup\bin;C:\Program Files\NVIDIA Corporation\NVIDIA NvDLISR;C:\WINDOWS\system32;C:\WINDOWS;C:\WINDOWS\System32\Wbem;C:\WINDOWS\System32\WindowsPowerShell\v1.0\;C:\WINDOWS\System32\OpenSSH\;C:\Program Files\dart-sass;C:\ProgramData\chocolatey\bin;C:\Development\dart-sdk\bin;C:\Program Files\Git\cmd;C:\Program Files\Microsoft SQL Server\Client SDK\ODBC\170\Tools\Binn\;C:\Program Files (x86)\Microsoft SQL Server\150\Tools\Binn\;C:\Program Files\Microsoft SQL Server\150\Tools\Binn\;C:\Program Files\Microsoft SQL Server\150\DTS\Binn\;C:\Program Files\nodejs\;C:\Development\Android\SDK\cmdline-tools\latest;C:\Development\Android\SDK\cmdline-tools\latest\bin;C:\Development\Android\SDK\platform-tools;C:\Program Files\Docker\Docker\resources\bin;C:\ProgramData\DockerDesktop\version-bin;C:\Program Files\PostgreSQL\15\bin;C:\Program Files\Go\bin;C:\Program Files\Gradle\gradle-6.6\bin;C:\Program Files\dotnet\;C:\Users\LENOVO\AppData\Local\Android\Sdk\platform-tools;;C:\WINDOWS\system32;C:\WINDOWS;C:\WINDOWS\System32\Wbem;C:\WINDOWS\System32\WindowsPowerShell\v1.0\;C:\WINDOWS\System32\OpenSSH\;C:\Users\LENOVO\AppData\Local\Programs\Python\Python311\Scripts\;C:\Users\LENOVO\AppData\Local\Programs\Python\Python311\;C:\Program Files\MySQL\MySQL Shell 8.0\bin\;C:\Users\LENOVO\AppData\Local\Programs\Python\Python310\Scripts\;C:\Users\LENOVO\AppData\Local\Programs\Python\Python310\;C:\Users\LENOVO\.poetry\bin;C:\Users\LENOVO\AppData\Local\Microsoft\WindowsApps;C:\Program Files\heroku\bin;C:\Users\LENOVO\AppData\Roaming\Composer\vendor\bin;C:\Users\LENOVO\AppData\Local\Microsoft\WindowsApps;E:\Program Files\Microsoft VS Code\bin;E:\Program Files\heroku\bin;E:\Program Files\Development\dart-sdk\bin;C
USERNAME=LENOVO
OS=Windows_NT
PROCESSOR_IDENTIFIER=Intel64 Family 6 Model 126 Stepping 5, GenuineIntel



---------------  S Y S T E M  ---------------

OS: Windows 11 , 64 bit Build 25247 (10.0.25247.1000)
OS uptime: 0 days 19:11 hours
Hyper-V role detected

CPU:total 4 (initial active 4) (4 cores per cpu, 2 threads per core) family 6 model 126 stepping 5 microcode 0xa6, cmov, cx8, fxsr, mmx, sse, sse2, sse3, ssse3, sse4.1, sse4.2, popcnt, avx, avx2, aes, clmul, erms, 3dnowpref, lzcnt, ht, tsc, tscinvbit, bmi1, bmi2, adx, evex, sha, fma

Memory: 4k page, system-wide physical 7960M (238M free)
TotalPageFile size 32536M (AvailPageFile size 10M)
current process WorkingSet (physical memory assigned to process): 336M, peak: 351M
current process commit charge ("private bytes"): 372M, peak: 389M

vm_info: OpenJDK 64-Bit Server VM (11.0.13+0-b1751.21-8125866) for windows-amd64 JRE (11.0.13+0-b1751.21-8125866), built on Feb  2 2022 03:00:22 by "builder" with MS VC++ 14.0 (VS2015)

END.
